osmose[info] - *********************************
osmose[info] - Osmose model - Copyright 2013 IRD
osmose[info] - *********************************
osmose[info] - Osmose version Osmose 3 Update 2 (2015/03/01)
osmose[info] - Running configuration /home/nbarrier/Modeles/osmose/OsmoseEmibios2/new_stuff/RUN/i2/master/config.csv
osmose[info] - Loading parameters from file /home/nbarrier/Modeles/osmose/OsmoseEmibios2/new_stuff/RUN/i2/master/config.csv
osmose[info] -   Loading parameters from file /home/nbarrier/Modeles/osmose/OsmoseEmibios2/new_stuff/RUN/i2/master/calibration-parameters.csv
osmose[info] -   Loading parameters from file /home/nbarrier/Modeles/osmose/OsmoseEmibios2/new_stuff/osmose_inputs/parameters/osm_all-parameters.csv
osmose[info] -     Loading parameters from file /home/nbarrier/Modeles/osmose/OsmoseEmibios2/new_stuff/osmose_inputs/parameters/osm_param-output.csv
osmose[info] -     Loading parameters from file /home/nbarrier/Modeles/osmose/OsmoseEmibios2/new_stuff/osmose_inputs/parameters/osm_param-movement.csv
osmose[info] -     Loading parameters from file /home/nbarrier/Modeles/osmose/OsmoseEmibios2/new_stuff/osmose_inputs/parameters/osm_param-fishing.csv
osmose[warning] - Parameter mortality.fishing.rate.sp0 has already been defined in file /home/nbarrier/Modeles/osmose/OsmoseEmibios2/new_stuff/RUN/i2/master/calibration-parameters.csv with value 0.130877451
osmose[warning] - Osmose will ignore parameter mortality.fishing.rate.sp0 in file /home/nbarrier/Modeles/osmose/OsmoseEmibios2/new_stuff/osmose_inputs/parameters/osm_param-fishing.csv with value 0.25
osmose[warning] - Parameter mortality.fishing.rate.sp1 has already been defined in file /home/nbarrier/Modeles/osmose/OsmoseEmibios2/new_stuff/RUN/i2/master/calibration-parameters.csv with value 0.382709506
osmose[warning] - Osmose will ignore parameter mortality.fishing.rate.sp1 in file /home/nbarrier/Modeles/osmose/OsmoseEmibios2/new_stuff/osmose_inputs/parameters/osm_param-fishing.csv with value 0.35
osmose[warning] - Parameter mortality.fishing.rate.sp2 has already been defined in file /home/nbarrier/Modeles/osmose/OsmoseEmibios2/new_stuff/RUN/i2/master/calibration-parameters.csv with value 0.499612516
osmose[warning] - Osmose will ignore parameter mortality.fishing.rate.sp2 in file /home/nbarrier/Modeles/osmose/OsmoseEmibios2/new_stuff/osmose_inputs/parameters/osm_param-fishing.csv with value 0.454
osmose[warning] - Parameter mortality.fishing.rate.sp3 has already been defined in file /home/nbarrier/Modeles/osmose/OsmoseEmibios2/new_stuff/RUN/i2/master/calibration-parameters.csv with value 0.2
osmose[warning] - Osmose will ignore parameter mortality.fishing.rate.sp3 in file /home/nbarrier/Modeles/osmose/OsmoseEmibios2/new_stuff/osmose_inputs/parameters/osm_param-fishing.csv with value 0.25
osmose[warning] - Parameter mortality.fishing.rate.sp4 has already been defined in file /home/nbarrier/Modeles/osmose/OsmoseEmibios2/new_stuff/RUN/i2/master/calibration-parameters.csv with value 0.6
osmose[warning] - Osmose will ignore parameter mortality.fishing.rate.sp4 in file /home/nbarrier/Modeles/osmose/OsmoseEmibios2/new_stuff/osmose_inputs/parameters/osm_param-fishing.csv with value 0.35
osmose[warning] - Parameter mortality.fishing.rate.sp5 has already been defined in file /home/nbarrier/Modeles/osmose/OsmoseEmibios2/new_stuff/RUN/i2/master/calibration-parameters.csv with value 0.5
osmose[warning] - Osmose will ignore parameter mortality.fishing.rate.sp5 in file /home/nbarrier/Modeles/osmose/OsmoseEmibios2/new_stuff/osmose_inputs/parameters/osm_param-fishing.csv with value 0.25
osmose[warning] - Parameter mortality.fishing.rate.sp6 has already been defined in file /home/nbarrier/Modeles/osmose/OsmoseEmibios2/new_stuff/RUN/i2/master/calibration-parameters.csv with value 0.006662997
osmose[warning] - Osmose will ignore parameter mortality.fishing.rate.sp6 in file /home/nbarrier/Modeles/osmose/OsmoseEmibios2/new_stuff/osmose_inputs/parameters/osm_param-fishing.csv with value 0.006
osmose[warning] - Parameter mortality.fishing.rate.sp7 has already been defined in file /home/nbarrier/Modeles/osmose/OsmoseEmibios2/new_stuff/RUN/i2/master/calibration-parameters.csv with value 0.6
osmose[warning] - Osmose will ignore parameter mortality.fishing.rate.sp7 in file /home/nbarrier/Modeles/osmose/OsmoseEmibios2/new_stuff/osmose_inputs/parameters/osm_param-fishing.csv with value 0.45
osmose[warning] - Parameter mortality.fishing.rate.sp8 has already been defined in file /home/nbarrier/Modeles/osmose/OsmoseEmibios2/new_stuff/RUN/i2/master/calibration-parameters.csv with value 0.15
osmose[warning] - Osmose will ignore parameter mortality.fishing.rate.sp8 in file /home/nbarrier/Modeles/osmose/OsmoseEmibios2/new_stuff/osmose_inputs/parameters/osm_param-fishing.csv with value 0.07544645
osmose[warning] - Parameter mortality.fishing.rate.sp9 has already been defined in file /home/nbarrier/Modeles/osmose/OsmoseEmibios2/new_stuff/RUN/i2/master/calibration-parameters.csv with value 0.09638775
osmose[warning] - Osmose will ignore parameter mortality.fishing.rate.sp9 in file /home/nbarrier/Modeles/osmose/OsmoseEmibios2/new_stuff/osmose_inputs/parameters/osm_param-fishing.csv with value 0.1
osmose[warning] - Parameter mortality.fishing.rate.sp10 has already been defined in file /home/nbarrier/Modeles/osmose/OsmoseEmibios2/new_stuff/RUN/i2/master/calibration-parameters.csv with value 0.5
osmose[warning] - Osmose will ignore parameter mortality.fishing.rate.sp10 in file /home/nbarrier/Modeles/osmose/OsmoseEmibios2/new_stuff/osmose_inputs/parameters/osm_param-fishing.csv with value 0.347
osmose[info] -     Loading parameters from file /home/nbarrier/Modeles/osmose/OsmoseEmibios2/new_stuff/osmose_inputs/parameters/osm_param-natural-mortality.csv
osmose[warning] - Parameter mortality.natural.larva.rate.sp0 has already been defined in file /home/nbarrier/Modeles/osmose/OsmoseEmibios2/new_stuff/RUN/i2/master/calibration-parameters.csv with value 0.476013813
osmose[warning] - Osmose will ignore parameter mortality.natural.larva.rate.sp0 in file /home/nbarrier/Modeles/osmose/OsmoseEmibios2/new_stuff/osmose_inputs/parameters/osm_param-natural-mortality.csv with value 0.95
osmose[warning] - Parameter mortality.natural.larva.rate.sp1 has already been defined in file /home/nbarrier/Modeles/osmose/OsmoseEmibios2/new_stuff/RUN/i2/master/calibration-parameters.csv with value 1.578997873
osmose[warning] - Osmose will ignore parameter mortality.natural.larva.rate.sp1 in file /home/nbarrier/Modeles/osmose/OsmoseEmibios2/new_stuff/osmose_inputs/parameters/osm_param-natural-mortality.csv with value 0.8
osmose[warning] - Parameter mortality.natural.larva.rate.sp2 has already been defined in file /home/nbarrier/Modeles/osmose/OsmoseEmibios2/new_stuff/RUN/i2/master/calibration-parameters.csv with value 1.19819857
osmose[warning] - Osmose will ignore parameter mortality.natural.larva.rate.sp2 in file /home/nbarrier/Modeles/osmose/OsmoseEmibios2/new_stuff/osmose_inputs/parameters/osm_param-natural-mortality.csv with value 0.8
osmose[warning] - Parameter mortality.natural.larva.rate.sp3 has already been defined in file /home/nbarrier/Modeles/osmose/OsmoseEmibios2/new_stuff/RUN/i2/master/calibration-parameters.csv with value 0.586048506
osmose[warning] - Osmose will ignore parameter mortality.natural.larva.rate.sp3 in file /home/nbarrier/Modeles/osmose/OsmoseEmibios2/new_stuff/osmose_inputs/parameters/osm_param-natural-mortality.csv with value 0.8
osmose[warning] - Parameter mortality.natural.larva.rate.sp4 has already been defined in file /home/nbarrier/Modeles/osmose/OsmoseEmibios2/new_stuff/RUN/i2/master/calibration-parameters.csv with value 0.2
osmose[warning] - Osmose will ignore parameter mortality.natural.larva.rate.sp4 in file /home/nbarrier/Modeles/osmose/OsmoseEmibios2/new_stuff/osmose_inputs/parameters/osm_param-natural-mortality.csv with value 0.8
osmose[warning] - Parameter mortality.natural.larva.rate.sp5 has already been defined in file /home/nbarrier/Modeles/osmose/OsmoseEmibios2/new_stuff/RUN/i2/master/calibration-parameters.csv with value 0.904776806
osmose[warning] - Osmose will ignore parameter mortality.natural.larva.rate.sp5 in file /home/nbarrier/Modeles/osmose/OsmoseEmibios2/new_stuff/osmose_inputs/parameters/osm_param-natural-mortality.csv with value 0.8
osmose[warning] - Parameter mortality.natural.larva.rate.sp6 has already been defined in file /home/nbarrier/Modeles/osmose/OsmoseEmibios2/new_stuff/RUN/i2/master/calibration-parameters.csv with value 0.859194349
osmose[warning] - Osmose will ignore parameter mortality.natural.larva.rate.sp6 in file /home/nbarrier/Modeles/osmose/OsmoseEmibios2/new_stuff/osmose_inputs/parameters/osm_param-natural-mortality.csv with value 0.8
osmose[warning] - Parameter mortality.natural.larva.rate.sp7 has already been defined in file /home/nbarrier/Modeles/osmose/OsmoseEmibios2/new_stuff/RUN/i2/master/calibration-parameters.csv with value 1.281004774
osmose[warning] - Osmose will ignore parameter mortality.natural.larva.rate.sp7 in file /home/nbarrier/Modeles/osmose/OsmoseEmibios2/new_stuff/osmose_inputs/parameters/osm_param-natural-mortality.csv with value 0.8
osmose[warning] - Parameter mortality.natural.larva.rate.sp8 has already been defined in file /home/nbarrier/Modeles/osmose/OsmoseEmibios2/new_stuff/RUN/i2/master/calibration-parameters.csv with value 0.010436663
osmose[warning] - Osmose will ignore parameter mortality.natural.larva.rate.sp8 in file /home/nbarrier/Modeles/osmose/OsmoseEmibios2/new_stuff/osmose_inputs/parameters/osm_param-natural-mortality.csv with value 0.01
osmose[warning] - Parameter mortality.natural.larva.rate.sp9 has already been defined in file /home/nbarrier/Modeles/osmose/OsmoseEmibios2/new_stuff/RUN/i2/master/calibration-parameters.csv with value 0.416166226
osmose[warning] - Osmose will ignore parameter mortality.natural.larva.rate.sp9 in file /home/nbarrier/Modeles/osmose/OsmoseEmibios2/new_stuff/osmose_inputs/parameters/osm_param-natural-mortality.csv with value 0.8
osmose[warning] - Parameter mortality.natural.larva.rate.sp10 has already been defined in file /home/nbarrier/Modeles/osmose/OsmoseEmibios2/new_stuff/RUN/i2/master/calibration-parameters.csv with value 1.530131413
osmose[warning] - Osmose will ignore parameter mortality.natural.larva.rate.sp10 in file /home/nbarrier/Modeles/osmose/OsmoseEmibios2/new_stuff/osmose_inputs/parameters/osm_param-natural-mortality.csv with value 0.8
osmose[info] -     Loading parameters from file /home/nbarrier/Modeles/osmose/OsmoseEmibios2/new_stuff/osmose_inputs/parameters/osm_param-predation.csv
osmose[info] -     Loading parameters from file /home/nbarrier/Modeles/osmose/OsmoseEmibios2/new_stuff/osmose_inputs/parameters/osm_param-starvation.csv
osmose[info] -     Loading parameters from file /home/nbarrier/Modeles/osmose/OsmoseEmibios2/new_stuff/osmose_inputs/parameters/osm_param-reproduction.csv
osmose[info] -     Loading parameters from file /home/nbarrier/Modeles/osmose/OsmoseEmibios2/new_stuff/osmose_inputs/parameters/osm_param-species.csv
osmose[info] -     Loading parameters from file /home/nbarrier/Modeles/osmose/OsmoseEmibios2/new_stuff/osmose_inputs/parameters/osm_param-ltl.csv
osmose[warning] - Parameter plankton.accessibility2fish.plk0 has already been defined in file /home/nbarrier/Modeles/osmose/OsmoseEmibios2/new_stuff/RUN/i2/master/calibration-parameters.csv with value 0.192433808890889
osmose[warning] - Osmose will ignore parameter plankton.accessibility2fish.plk0 in file /home/nbarrier/Modeles/osmose/OsmoseEmibios2/new_stuff/osmose_inputs/parameters/osm_param-ltl.csv with value 0.5
osmose[warning] - Parameter plankton.accessibility2fish.plk1 has already been defined in file /home/nbarrier/Modeles/osmose/OsmoseEmibios2/new_stuff/RUN/i2/master/calibration-parameters.csv with value 0.237404481743049
osmose[warning] - Osmose will ignore parameter plankton.accessibility2fish.plk1 in file /home/nbarrier/Modeles/osmose/OsmoseEmibios2/new_stuff/osmose_inputs/parameters/osm_param-ltl.csv with value 0.2
osmose[warning] - Parameter plankton.accessibility2fish.plk2 has already been defined in file /home/nbarrier/Modeles/osmose/OsmoseEmibios2/new_stuff/RUN/i2/master/calibration-parameters.csv with value 0.159763738423963
osmose[warning] - Osmose will ignore parameter plankton.accessibility2fish.plk2 in file /home/nbarrier/Modeles/osmose/OsmoseEmibios2/new_stuff/osmose_inputs/parameters/osm_param-ltl.csv with value 0.5
osmose[warning] - Parameter plankton.accessibility2fish.plk3 has already been defined in file /home/nbarrier/Modeles/osmose/OsmoseEmibios2/new_stuff/RUN/i2/master/calibration-parameters.csv with value 0.612885205170878
osmose[warning] - Osmose will ignore parameter plankton.accessibility2fish.plk3 in file /home/nbarrier/Modeles/osmose/OsmoseEmibios2/new_stuff/osmose_inputs/parameters/osm_param-ltl.csv with value 0.5
osmose[warning] - Parameter plankton.accessibility2fish.plk4 has already been defined in file /home/nbarrier/Modeles/osmose/OsmoseEmibios2/new_stuff/RUN/i2/master/calibration-parameters.csv with value 0.144148157427566
osmose[warning] - Osmose will ignore parameter plankton.accessibility2fish.plk4 in file /home/nbarrier/Modeles/osmose/OsmoseEmibios2/new_stuff/osmose_inputs/parameters/osm_param-ltl.csv with value 0.5
osmose[warning] - Parameter plankton.accessibility2fish.plk5 has already been defined in file /home/nbarrier/Modeles/osmose/OsmoseEmibios2/new_stuff/RUN/i2/master/calibration-parameters.csv with value 1.58044346385736
osmose[warning] - Osmose will ignore parameter plankton.accessibility2fish.plk5 in file /home/nbarrier/Modeles/osmose/OsmoseEmibios2/new_stuff/osmose_inputs/parameters/osm_param-ltl.csv with value 1
osmose[info] -     Loading parameters from file /home/nbarrier/Modeles/osmose/OsmoseEmibios2/new_stuff/osmose_inputs/parameters/osm_param-grid.csv
osmose[info] -     Loading parameters from file /home/nbarrier/Modeles/osmose/OsmoseEmibios2/new_stuff/osmose_inputs/parameters/osm_param-init-pop.csv
osmose[warning] - Parameter population.seeding.biomass.sp0 has already been defined in file /home/nbarrier/Modeles/osmose/OsmoseEmibios2/new_stuff/osmose_inputs/parameters/osm_param-init-pop.csv with value 6085
osmose[warning] - Osmose will ignore parameter population.seeding.biomass.sp0 in file /home/nbarrier/Modeles/osmose/OsmoseEmibios2/new_stuff/osmose_inputs/parameters/osm_param-init-pop.csv with value 6085
osmose[warning] - Parameter population.seeding.biomass.sp1 has already been defined in file /home/nbarrier/Modeles/osmose/OsmoseEmibios2/new_stuff/osmose_inputs/parameters/osm_param-init-pop.csv with value 3741
osmose[warning] - Osmose will ignore parameter population.seeding.biomass.sp1 in file /home/nbarrier/Modeles/osmose/OsmoseEmibios2/new_stuff/osmose_inputs/parameters/osm_param-init-pop.csv with value 3741
osmose[warning] - Parameter population.seeding.biomass.sp2 has already been defined in file /home/nbarrier/Modeles/osmose/OsmoseEmibios2/new_stuff/osmose_inputs/parameters/osm_param-init-pop.csv with value 47853
osmose[warning] - Osmose will ignore parameter population.seeding.biomass.sp2 in file /home/nbarrier/Modeles/osmose/OsmoseEmibios2/new_stuff/osmose_inputs/parameters/osm_param-init-pop.csv with value 47853
osmose[warning] - Parameter population.seeding.biomass.sp3 has already been defined in file /home/nbarrier/Modeles/osmose/OsmoseEmibios2/new_stuff/osmose_inputs/parameters/osm_param-init-pop.csv with value 4725
osmose[warning] - Osmose will ignore parameter population.seeding.biomass.sp3 in file /home/nbarrier/Modeles/osmose/OsmoseEmibios2/new_stuff/osmose_inputs/parameters/osm_param-init-pop.csv with value 4725
osmose[warning] - Parameter population.seeding.biomass.sp4 has already been defined in file /home/nbarrier/Modeles/osmose/OsmoseEmibios2/new_stuff/osmose_inputs/parameters/osm_param-init-pop.csv with value 19118
osmose[warning] - Osmose will ignore parameter population.seeding.biomass.sp4 in file /home/nbarrier/Modeles/osmose/OsmoseEmibios2/new_stuff/osmose_inputs/parameters/osm_param-init-pop.csv with value 19118
osmose[warning] - Parameter population.seeding.biomass.sp5 has already been defined in file /home/nbarrier/Modeles/osmose/OsmoseEmibios2/new_stuff/osmose_inputs/parameters/osm_param-init-pop.csv with value 6752
osmose[warning] - Osmose will ignore parameter population.seeding.biomass.sp5 in file /home/nbarrier/Modeles/osmose/OsmoseEmibios2/new_stuff/osmose_inputs/parameters/osm_param-init-pop.csv with value 6752
osmose[warning] - Parameter population.seeding.biomass.sp6 has already been defined in file /home/nbarrier/Modeles/osmose/OsmoseEmibios2/new_stuff/osmose_inputs/parameters/osm_param-init-pop.csv with value 2379
osmose[warning] - Osmose will ignore parameter population.seeding.biomass.sp6 in file /home/nbarrier/Modeles/osmose/OsmoseEmibios2/new_stuff/osmose_inputs/parameters/osm_param-init-pop.csv with value 2379
osmose[warning] - Parameter population.seeding.biomass.sp7 has already been defined in file /home/nbarrier/Modeles/osmose/OsmoseEmibios2/new_stuff/osmose_inputs/parameters/osm_param-init-pop.csv with value 774
osmose[warning] - Osmose will ignore parameter population.seeding.biomass.sp7 in file /home/nbarrier/Modeles/osmose/OsmoseEmibios2/new_stuff/osmose_inputs/parameters/osm_param-init-pop.csv with value 774
osmose[warning] - Parameter population.seeding.biomass.sp8 has already been defined in file /home/nbarrier/Modeles/osmose/OsmoseEmibios2/new_stuff/osmose_inputs/parameters/osm_param-init-pop.csv with value 5077
osmose[warning] - Osmose will ignore parameter population.seeding.biomass.sp8 in file /home/nbarrier/Modeles/osmose/OsmoseEmibios2/new_stuff/osmose_inputs/parameters/osm_param-init-pop.csv with value 5077
osmose[warning] - Parameter population.seeding.biomass.sp9 has already been defined in file /home/nbarrier/Modeles/osmose/OsmoseEmibios2/new_stuff/osmose_inputs/parameters/osm_param-init-pop.csv with value 3495
osmose[warning] - Osmose will ignore parameter population.seeding.biomass.sp9 in file /home/nbarrier/Modeles/osmose/OsmoseEmibios2/new_stuff/osmose_inputs/parameters/osm_param-init-pop.csv with value 3495
osmose[warning] - Parameter population.seeding.biomass.sp10 has already been defined in file /home/nbarrier/Modeles/osmose/OsmoseEmibios2/new_stuff/osmose_inputs/parameters/osm_param-init-pop.csv with value 1122
osmose[warning] - Osmose will ignore parameter population.seeding.biomass.sp10 in file /home/nbarrier/Modeles/osmose/OsmoseEmibios2/new_stuff/osmose_inputs/parameters/osm_param-init-pop.csv with value 1122
osmose[info] - Configuration version Osmose 3 Update 2 (2015/03/01) matches Osmose version Osmose 3 Update 2 (2015/03/01). Nothing to do.
osmose[info] - Output CSV separator set to COMA
osmose[info] - Grid: fr.ird.osmose.grid.OriginalGrid
osmose[info] - Simulation started...
  simulation#0[info] - Started...
  simulation#0[info] - LTLForcing: fr.ird.osmose.ltl.LTLFastForcing
  simulation#0[info] - Loading plankton data...
  simulation#0[info] - Mortality algorithm set to STOCHASTIC
  simulation#0[info] - Mortality subdt set to 10
  simulation#0[warning] - Time serie in file /home/nbarrier/Modeles/osmose/OsmoseEmibios2/new_stuff/osmose_inputs/parameters/reproduction-seasonality-sp0.csv only contains 24 steps out of 240. Osmose will loop over it.
  simulation#0[warning] - Time serie in file /home/nbarrier/Modeles/osmose/OsmoseEmibios2/new_stuff/osmose_inputs/parameters/reproduction-seasonality-sp1.csv only contains 24 steps out of 240. Osmose will loop over it.
  simulation#0[warning] - Time serie in file /home/nbarrier/Modeles/osmose/OsmoseEmibios2/new_stuff/osmose_inputs/parameters/reproduction-seasonality-sp2.csv only contains 24 steps out of 240. Osmose will loop over it.
  simulation#0[warning] - Time serie in file /home/nbarrier/Modeles/osmose/OsmoseEmibios2/new_stuff/osmose_inputs/parameters/reproduction-seasonality-sp3.csv only contains 24 steps out of 240. Osmose will loop over it.
  simulation#0[warning] - Time serie in file /home/nbarrier/Modeles/osmose/OsmoseEmibios2/new_stuff/osmose_inputs/parameters/reproduction-seasonality-sp4.csv only contains 24 steps out of 240. Osmose will loop over it.
  simulation#0[warning] - Time serie in file /home/nbarrier/Modeles/osmose/OsmoseEmibios2/new_stuff/osmose_inputs/parameters/reproduction-seasonality-sp5.csv only contains 24 steps out of 240. Osmose will loop over it.
  simulation#0[warning] - Time serie in file /home/nbarrier/Modeles/osmose/OsmoseEmibios2/new_stuff/osmose_inputs/parameters/reproduction-seasonality-sp6.csv only contains 24 steps out of 240. Osmose will loop over it.
  simulation#0[warning] - Time serie in file /home/nbarrier/Modeles/osmose/OsmoseEmibios2/new_stuff/osmose_inputs/parameters/reproduction-seasonality-sp7.csv only contains 24 steps out of 240. Osmose will loop over it.
  simulation#0[warning] - Time serie in file /home/nbarrier/Modeles/osmose/OsmoseEmibios2/new_stuff/osmose_inputs/parameters/reproduction-seasonality-sp8.csv only contains 24 steps out of 240. Osmose will loop over it.
  simulation#0[warning] - Time serie in file /home/nbarrier/Modeles/osmose/OsmoseEmibios2/new_stuff/osmose_inputs/parameters/reproduction-seasonality-sp9.csv only contains 24 steps out of 240. Osmose will loop over it.
  simulation#0[warning] - Time serie in file /home/nbarrier/Modeles/osmose/OsmoseEmibios2/new_stuff/osmose_inputs/parameters/reproduction-seasonality-sp10.csv only contains 24 steps out of 240. Osmose will loop over it.
  simulation#0[info] - year 0
  simulation#0[info] - year 1
  simulation#0[info] - year 2
  simulation#0[info] - year 3
  simulation#0[info] - year 4
  simulation#0[info] - year 5
  simulation#0[info] - year 6
  simulation#0[info] - year 7
  simulation#0[info] - year 8
  simulation#0[info] - year 9
  simulation#0[info] - Completed (time ellapsed: 11 seconds)
osmose[info] - Simulation completed (time ellapsed:  11 seconds)
osmose[info] - *********************************
osmose[info] - *   Osmose model - Exit
osmose[info] - *********************************
